<?xml version="1.0" encoding="UTF-8"?>
<!-- Generated by org.testng.reporters.JUnitXMLReporter -->
<testsuite hostname="DESKTOP-FVII93U" ignored="0" name="validate_MyBill_page_for_bill_unavaialable_scenario" tests="2" failures="0" timestamp="17 Mar 2018 14:07:51 GMT" time="82.436" errors="0">
  <testcase name="checkLogin" time="56.618" classname="com.billing.qa.tcs.BillUnavailableTest"/>
  <testcase name="validateBillPageForBillUncutScenario" time="14.795" classname="com.billing.qa.tcs.BillUnavailableTest"/>
</testsuite> <!-- validate_MyBill_page_for_bill_unavaialable_scenario -->
