<?xml version="1.0" encoding="UTF-8"?>
<!-- Generated by org.testng.reporters.JUnitXMLReporter -->
<testsuite hostname="DESKTOP-FVII93U" ignored="0" name="validate_bill_history_dropdown" tests="6" failures="0" timestamp="17 Mar 2018 13:43:41 GMT" time="193.725" errors="0">
  <testcase name="checkLogin" time="49.461" classname="com.billing.qa.tcs.BillHistoryDropdownTest"/>
  <testcase name="goToBillingPage" time="4.952" classname="com.billing.qa.tcs.BillHistoryDropdownTest"/>
  <testcase name="validateTotalChargesForCurrentBill" time="120.201" classname="com.billing.qa.tcs.BillHistoryDropdownTest"/>
  <testcase name="validateSelectPreviousBill" time="2.093" classname="com.billing.qa.tcs.BillHistoryDropdownTest"/>
  <testcase name="validateTotalChargesForPreviousBill" time="0.412" classname="com.billing.qa.tcs.BillHistoryDropdownTest"/>
  <testcase name="validateNumberOfBillInBHD" time="1.904" classname="com.billing.qa.tcs.BillHistoryDropdownTest"/>
</testsuite> <!-- validate_bill_history_dropdown -->
