<?xml version="1.0" encoding="UTF-8"?>
<!-- Generated by org.testng.reporters.JUnitXMLReporter -->
<testsuite hostname="DESKTOP-FVII93U" ignored="0" name="validate_print_preview_page" tests="3" failures="0" timestamp="20 Mar 2018 04:03:34 GMT" time="855.48" errors="0">
  <testcase name="checkLogin" time="129.411" classname="com.billing.qa.tcs.PrintPreviewTest"/>
  <testcase name="validatePrintPreview" time="98.719" classname="com.billing.qa.tcs.PrintPreviewTest"/>
  <testcase name="validatePrintFunctionality" time="603.429" classname="com.billing.qa.tcs.PrintPreviewTest"/>
</testsuite> <!-- validate_print_preview_page -->
