<?xml version="1.0" encoding="UTF-8"?>
<testng-results skipped="0" failed="0" ignored="0" total="1" passed="1">
  <reporter-output>
    <line>
      <![CDATA[<img src="file://A:\Workspace\Billing/Screenshots//validate_page_title/20180324010840.png" alt=""/>]]>
    </line>
    <line>
      <![CDATA[<img src="file://A:\Workspace\Billing/Screenshots//validate_page_title/20180324010841.png" alt=""/>]]>
    </line>
    <line>
      <![CDATA[<img src="file://A:\Workspace\Billing/Screenshots//validate_page_title/20180324010841.png" alt=""/>]]>
    </line>
    <line>
      <![CDATA[<img src="file://A:\Workspace\Billing/Screenshots//validate_page_title/20180324010842.png" alt=""/>]]>
    </line>
    <line>
      <![CDATA[<img src="file://A:\Workspace\Billing/Screenshots//validate_page_title/20180324010843.png" alt=""/>]]>
    </line>
    <line>
      <![CDATA[<img src="file://A:\Workspace\Billing/Screenshots//validate_page_title/20180324010844.png" alt=""/>]]>
    </line>
    <line>
      <![CDATA[<img src="file://A:\Workspace\Billing/Screenshots//validate_page_title/20180324010905.png" alt=""/>]]>
    </line>
    <line>
      <![CDATA[<img src="file://A:\Workspace\Billing/Screenshots//validate_page_title/20180324010910.png" alt=""/>]]>
    </line>
    <line>
      <![CDATA[<img src="file://A:\Workspace\Billing/Screenshots//validate_page_title/20180324010911.png" alt=""/>]]>
    </line>
    <line>
      <![CDATA[<img src="file://A:\Workspace\Billing/Screenshots//validate_page_title/20180324010911.png" alt=""/>]]>
    </line>
    <line>
      <![CDATA[<img src="file://A:\Workspace\Billing/Screenshots//validate_page_title/20180324010912.png" alt=""/>]]>
    </line>
    <line>
      <![CDATA[<img src="file://A:\Workspace\Billing/Screenshots//validate_page_title/20180324010923.png" alt=""/>]]>
    </line>
    <line>
      <![CDATA[<img src="file://A:\Workspace\Billing/Screenshots//validate_page_title/20180324010924.png" alt=""/>]]>
    </line>
    <line>
      <![CDATA[<img src="file://A:\Workspace\Billing/Screenshots//validate_page_title/20180324010929.png" alt=""/>]]>
    </line>
    <line>
      <![CDATA[<img src="file://A:\Workspace\Billing/Screenshots//validate_page_title/20180324010929.png" alt=""/>]]>
    </line>
    <line>
      <![CDATA[<img src="file://A:\Workspace\Billing/Screenshots//validate_page_title/20180324010933.png" alt=""/>]]>
    </line>
  </reporter-output>
  <suite name="Suite" duration-ms="81918" started-at="2018-03-24T07:38:11Z" finished-at="2018-03-24T07:39:33Z">
    <groups>
    </groups>
    <test name="validate_page_title" duration-ms="81918" started-at="2018-03-24T07:38:11Z" finished-at="2018-03-24T07:39:33Z">
      <class name="com.billing.qa.tcs.LoginTest">
        <test-method status="PASS" signature="setUp(org.testng.ITestContext, java.lang.String)[pri:0, instance:com.billing.qa.tcs.LoginTest@42dafa95]" name="setUp" is-config="true" duration-ms="9868" started-at="2018-03-24T13:08:11Z" finished-at="2018-03-24T13:08:21Z">
          <params>
            <param index="0">
              <value>
                <![CDATA[org.testng.TestRunner@35a3d49f]]>
              </value>
            </param>
            <param index="1">
              <value>
                <![CDATA[chrome]]>
              </value>
            </param>
          </params>
          <reporter-output>
          </reporter-output>
        </test-method> <!-- setUp -->
        <test-method status="PASS" signature="checkLogin(java.lang.String, java.lang.String)[pri:1, instance:com.billing.qa.tcs.LoginTest@42dafa95]" name="checkLogin" duration-ms="71992" started-at="2018-03-24T13:08:21Z" finished-at="2018-03-24T13:09:33Z">
          <params>
            <param index="0">
              <value>
                <![CDATA[mathewfloer13135]]>
              </value>
            </param>
            <param index="1">
              <value>
                <![CDATA[test1ng]]>
              </value>
            </param>
          </params>
          <reporter-output>
            <line>
              <![CDATA[<img src="file://A:\Workspace\Billing/Screenshots//validate_page_title/20180324010840.png" alt=""/>]]>
            </line>
            <line>
              <![CDATA[<img src="file://A:\Workspace\Billing/Screenshots//validate_page_title/20180324010841.png" alt=""/>]]>
            </line>
            <line>
              <![CDATA[<img src="file://A:\Workspace\Billing/Screenshots//validate_page_title/20180324010841.png" alt=""/>]]>
            </line>
            <line>
              <![CDATA[<img src="file://A:\Workspace\Billing/Screenshots//validate_page_title/20180324010842.png" alt=""/>]]>
            </line>
            <line>
              <![CDATA[<img src="file://A:\Workspace\Billing/Screenshots//validate_page_title/20180324010843.png" alt=""/>]]>
            </line>
            <line>
              <![CDATA[<img src="file://A:\Workspace\Billing/Screenshots//validate_page_title/20180324010844.png" alt=""/>]]>
            </line>
            <line>
              <![CDATA[<img src="file://A:\Workspace\Billing/Screenshots//validate_page_title/20180324010905.png" alt=""/>]]>
            </line>
            <line>
              <![CDATA[<img src="file://A:\Workspace\Billing/Screenshots//validate_page_title/20180324010910.png" alt=""/>]]>
            </line>
            <line>
              <![CDATA[<img src="file://A:\Workspace\Billing/Screenshots//validate_page_title/20180324010911.png" alt=""/>]]>
            </line>
            <line>
              <![CDATA[<img src="file://A:\Workspace\Billing/Screenshots//validate_page_title/20180324010911.png" alt=""/>]]>
            </line>
            <line>
              <![CDATA[<img src="file://A:\Workspace\Billing/Screenshots//validate_page_title/20180324010912.png" alt=""/>]]>
            </line>
            <line>
              <![CDATA[<img src="file://A:\Workspace\Billing/Screenshots//validate_page_title/20180324010923.png" alt=""/>]]>
            </line>
            <line>
              <![CDATA[<img src="file://A:\Workspace\Billing/Screenshots//validate_page_title/20180324010924.png" alt=""/>]]>
            </line>
            <line>
              <![CDATA[<img src="file://A:\Workspace\Billing/Screenshots//validate_page_title/20180324010929.png" alt=""/>]]>
            </line>
            <line>
              <![CDATA[<img src="file://A:\Workspace\Billing/Screenshots//validate_page_title/20180324010929.png" alt=""/>]]>
            </line>
            <line>
              <![CDATA[<img src="file://A:\Workspace\Billing/Screenshots//validate_page_title/20180324010933.png" alt=""/>]]>
            </line>
          </reporter-output>
        </test-method> <!-- checkLogin -->
        <test-method status="PASS" signature="tearDown()[pri:0, instance:com.billing.qa.tcs.LoginTest@42dafa95]" name="tearDown" is-config="true" duration-ms="4" started-at="2018-03-24T13:09:33Z" finished-at="2018-03-24T13:09:33Z">
          <reporter-output>
          </reporter-output>
        </test-method> <!-- tearDown -->
      </class> <!-- com.billing.qa.tcs.LoginTest -->
    </test> <!-- validate_page_title -->
  </suite> <!-- Suite -->
</testng-results>
