<?xml version="1.0" encoding="UTF-8"?>
<testng-results skipped="0" failed="1" ignored="0" total="2" passed="1">
  <reporter-output>
    <line>
      <![CDATA[<img src="file://A:\Workspace\Billing/Screenshots//validate_reports_framework/20180320121407.png" alt=""/>]]>
    </line>
    <line>
      <![CDATA[<img src="file://A:\Workspace\Billing/Screenshots//validate_reports_framework/20180320121408.png" alt=""/>]]>
    </line>
    <line>
      <![CDATA[<img src="file://A:\Workspace\Billing/Screenshots//validate_reports_framework/20180320121408.png" alt=""/>]]>
    </line>
    <line>
      <![CDATA[<img src="file://A:\Workspace\Billing/Screenshots//validate_reports_framework/20180320121409.png" alt=""/>]]>
    </line>
    <line>
      <![CDATA[<img src="file://A:\Workspace\Billing/Screenshots//validate_reports_framework/20180320121409.png" alt=""/>]]>
    </line>
    <line>
      <![CDATA[<img src="file://A:\Workspace\Billing/Screenshots//validate_reports_framework/20180320121410.png" alt=""/>]]>
    </line>
    <line>
      <![CDATA[<img src="file://A:\Workspace\Billing/Screenshots//validate_reports_framework/20180320121421.png" alt=""/>]]>
    </line>
    <line>
      <![CDATA[<img src="file://A:\Workspace\Billing/Screenshots//validate_reports_framework/20180320121426.png" alt=""/>]]>
    </line>
    <line>
      <![CDATA[<img src="file://A:\Workspace\Billing/Screenshots//validate_reports_framework/20180320121427.png" alt=""/>]]>
    </line>
    <line>
      <![CDATA[<img src="file://A:\Workspace\Billing/Screenshots//validate_reports_framework/20180320121427.png" alt=""/>]]>
    </line>
    <line>
      <![CDATA[<img src="file://A:\Workspace\Billing/Screenshots//validate_reports_framework/20180320121428.png" alt=""/>]]>
    </line>
    <line>
      <![CDATA[<img src="file://A:\Workspace\Billing/Screenshots//validate_reports_framework/20180320121441.png" alt=""/>]]>
    </line>
    <line>
      <![CDATA[<img src="file://A:\Workspace\Billing/Screenshots//validate_reports_framework/20180320121441.png" alt=""/>]]>
    </line>
    <line>
      <![CDATA[<img src="file://A:\Workspace\Billing/Screenshots//validate_reports_framework/20180320121446.png" alt=""/>]]>
    </line>
  </reporter-output>
  <suite name="Suite" duration-ms="68201" started-at="2018-03-20T06:43:39Z" finished-at="2018-03-20T06:44:47Z">
    <groups>
    </groups>
    <test name="validate_reports_framework" duration-ms="68201" started-at="2018-03-20T06:43:39Z" finished-at="2018-03-20T06:44:47Z">
      <class name="com.billing.qa.tcs.ReportFramework">
        <test-method status="PASS" signature="setUp(org.testng.ITestContext, java.lang.String)[pri:0, instance:com.billing.qa.tcs.ReportFramework@589838eb]" name="setUp" is-config="true" duration-ms="9767" started-at="2018-03-20T12:13:39Z" finished-at="2018-03-20T12:13:49Z">
          <params>
            <param index="0">
              <value>
                <![CDATA[org.testng.TestRunner@34b9f960]]>
              </value>
            </param>
            <param index="1">
              <value>
                <![CDATA[chrome]]>
              </value>
            </param>
          </params>
          <reporter-output>
          </reporter-output>
        </test-method> <!-- setUp -->
        <test-method status="PASS" signature="checkLogin(java.lang.String, java.lang.String)[pri:1, instance:com.billing.qa.tcs.ReportFramework@589838eb]" name="checkLogin" duration-ms="39447" started-at="2018-03-20T12:13:49Z" finished-at="2018-03-20T12:14:28Z">
          <params>
            <param index="0">
              <value>
                <![CDATA[mathewfloer13135]]>
              </value>
            </param>
            <param index="1">
              <value>
                <![CDATA[test1ng]]>
              </value>
            </param>
          </params>
          <reporter-output>
            <line>
              <![CDATA[<img src="file://A:\Workspace\Billing/Screenshots//validate_reports_framework/20180320121407.png" alt=""/>]]>
            </line>
            <line>
              <![CDATA[<img src="file://A:\Workspace\Billing/Screenshots//validate_reports_framework/20180320121408.png" alt=""/>]]>
            </line>
            <line>
              <![CDATA[<img src="file://A:\Workspace\Billing/Screenshots//validate_reports_framework/20180320121408.png" alt=""/>]]>
            </line>
            <line>
              <![CDATA[<img src="file://A:\Workspace\Billing/Screenshots//validate_reports_framework/20180320121409.png" alt=""/>]]>
            </line>
            <line>
              <![CDATA[<img src="file://A:\Workspace\Billing/Screenshots//validate_reports_framework/20180320121409.png" alt=""/>]]>
            </line>
            <line>
              <![CDATA[<img src="file://A:\Workspace\Billing/Screenshots//validate_reports_framework/20180320121410.png" alt=""/>]]>
            </line>
            <line>
              <![CDATA[<img src="file://A:\Workspace\Billing/Screenshots//validate_reports_framework/20180320121421.png" alt=""/>]]>
            </line>
            <line>
              <![CDATA[<img src="file://A:\Workspace\Billing/Screenshots//validate_reports_framework/20180320121426.png" alt=""/>]]>
            </line>
            <line>
              <![CDATA[<img src="file://A:\Workspace\Billing/Screenshots//validate_reports_framework/20180320121427.png" alt=""/>]]>
            </line>
            <line>
              <![CDATA[<img src="file://A:\Workspace\Billing/Screenshots//validate_reports_framework/20180320121427.png" alt=""/>]]>
            </line>
            <line>
              <![CDATA[<img src="file://A:\Workspace\Billing/Screenshots//validate_reports_framework/20180320121428.png" alt=""/>]]>
            </line>
          </reporter-output>
        </test-method> <!-- checkLogin -->
        <test-method status="FAIL" signature="validateReportFramework()[pri:2, instance:com.billing.qa.tcs.ReportFramework@589838eb]" name="validateReportFramework" duration-ms="18923" started-at="2018-03-20T12:14:28Z" finished-at="2018-03-20T12:14:47Z">
          <exception class="org.openqa.selenium.WebDriverException">
            <message>
              <![CDATA[unknown error: Element <button type="button" ddh-dropdown-toggle="" ng-disabled="disabled" aria-label=" ..." aria-expanded="false" aria-haspopup="true" ng-click="toggleDropdown()" ng-blur="setBlur()" ng-class="{'active opened': toggleFlag, 'closed': !toggleFlag, 'large': (dropdownSize === 'large'), 'awd-select isWrapped': (dropdownType === 'menu'), 'selectMenu': (dropdownType !== 'menu')}" ng-bind-html="currentSelected.text" ng-show="!isInputDropdown" class="ng-binding closed awd-select isWrapped" style="">Data use</button> is not clickable at point (401, 19). Other element would receive the click: <div class="text-center graph-details bold ng-binding" ng-bind-html="caption">...</div>
  (Session info: chrome=65.0.3325.162)
  (Driver info: chromedriver=2.35.528161 (5b82f2d2aae0ca24b877009200ced9065a772e73),platform=Windows NT 10.0.16299 x86_64) (WARNING: The server did not provide any stacktrace information)
Command duration or timeout: 0 milliseconds
Build info: version: '3.5.3', revision: 'a88d25fe6b', time: '2017-08-29T12:42:44.417Z'
System info: host: 'DESKTOP-FVII93U', ip: '192.168.84.1', os.name: 'Windows 10', os.arch: 'amd64', os.version: '10.0', java.version: '1.8.0_162'
Driver info: org.openqa.selenium.chrome.ChromeDriver
Capabilities [{mobileEmulationEnabled=false, hasTouchScreen=false, platform=XP, acceptSslCerts=false, acceptInsecureCerts=false, webStorageEnabled=true, browserName=chrome, takesScreenshot=true, javascriptEnabled=true, platformName=XP, setWindowRect=true, unexpectedAlertBehaviour=, applicationCacheEnabled=false, rotatable=false, networkConnectionEnabled=false, chrome={chromedriverVersion=2.35.528161 (5b82f2d2aae0ca24b877009200ced9065a772e73), userDataDir=C:\Users\hrutu\AppData\Local\Temp\scoped_dir24832_1890}, takesHeapSnapshot=true, pageLoadStrategy=normal, unhandledPromptBehavior=, databaseEnabled=false, handlesAlerts=true, version=65.0.3325.162, browserConnectionEnabled=false, nativeEvents=true, locationContextEnabled=true, cssSelectorsEnabled=true}]
Session ID: 802db44ea762845f0386f7ffe99b394f]]>
            </message>
            <full-stacktrace>
              <![CDATA[org.openqa.selenium.WebDriverException: unknown error: Element <button type="button" ddh-dropdown-toggle="" ng-disabled="disabled" aria-label=" ..." aria-expanded="false" aria-haspopup="true" ng-click="toggleDropdown()" ng-blur="setBlur()" ng-class="{'active opened': toggleFlag, 'closed': !toggleFlag, 'large': (dropdownSize === 'large'), 'awd-select isWrapped': (dropdownType === 'menu'), 'selectMenu': (dropdownType !== 'menu')}" ng-bind-html="currentSelected.text" ng-show="!isInputDropdown" class="ng-binding closed awd-select isWrapped" style="">Data use</button> is not clickable at point (401, 19). Other element would receive the click: <div class="text-center graph-details bold ng-binding" ng-bind-html="caption">...</div>
  (Session info: chrome=65.0.3325.162)
  (Driver info: chromedriver=2.35.528161 (5b82f2d2aae0ca24b877009200ced9065a772e73),platform=Windows NT 10.0.16299 x86_64) (WARNING: The server did not provide any stacktrace information)
Command duration or timeout: 0 milliseconds
Build info: version: '3.5.3', revision: 'a88d25fe6b', time: '2017-08-29T12:42:44.417Z'
System info: host: 'DESKTOP-FVII93U', ip: '192.168.84.1', os.name: 'Windows 10', os.arch: 'amd64', os.version: '10.0', java.version: '1.8.0_162'
Driver info: org.openqa.selenium.chrome.ChromeDriver
Capabilities [{mobileEmulationEnabled=false, hasTouchScreen=false, platform=XP, acceptSslCerts=false, acceptInsecureCerts=false, webStorageEnabled=true, browserName=chrome, takesScreenshot=true, javascriptEnabled=true, platformName=XP, setWindowRect=true, unexpectedAlertBehaviour=, applicationCacheEnabled=false, rotatable=false, networkConnectionEnabled=false, chrome={chromedriverVersion=2.35.528161 (5b82f2d2aae0ca24b877009200ced9065a772e73), userDataDir=C:\Users\hrutu\AppData\Local\Temp\scoped_dir24832_1890}, takesHeapSnapshot=true, pageLoadStrategy=normal, unhandledPromptBehavior=, databaseEnabled=false, handlesAlerts=true, version=65.0.3325.162, browserConnectionEnabled=false, nativeEvents=true, locationContextEnabled=true, cssSelectorsEnabled=true}]
Session ID: 802db44ea762845f0386f7ffe99b394f
	at sun.reflect.NativeConstructorAccessorImpl.newInstance0(Native Method)
	at sun.reflect.NativeConstructorAccessorImpl.newInstance(NativeConstructorAccessorImpl.java:62)
	at sun.reflect.DelegatingConstructorAccessorImpl.newInstance(DelegatingConstructorAccessorImpl.java:45)
	at java.lang.reflect.Constructor.newInstance(Constructor.java:423)
	at org.openqa.selenium.remote.ErrorHandler.createThrowable(ErrorHandler.java:215)
	at org.openqa.selenium.remote.ErrorHandler.throwIfResponseFailed(ErrorHandler.java:167)
	at org.openqa.selenium.remote.http.JsonHttpResponseCodec.reconstructValue(JsonHttpResponseCodec.java:40)
	at org.openqa.selenium.remote.http.AbstractHttpResponseCodec.decode(AbstractHttpResponseCodec.java:82)
	at org.openqa.selenium.remote.http.AbstractHttpResponseCodec.decode(AbstractHttpResponseCodec.java:45)
	at org.openqa.selenium.remote.HttpCommandExecutor.execute(HttpCommandExecutor.java:164)
	at org.openqa.selenium.remote.service.DriverCommandExecutor.execute(DriverCommandExecutor.java:82)
	at org.openqa.selenium.remote.RemoteWebDriver.execute(RemoteWebDriver.java:646)
	at org.openqa.selenium.remote.RemoteWebElement.execute(RemoteWebElement.java:275)
	at org.openqa.selenium.remote.RemoteWebElement.click(RemoteWebElement.java:82)
	at sun.reflect.NativeMethodAccessorImpl.invoke0(Native Method)
	at sun.reflect.NativeMethodAccessorImpl.invoke(NativeMethodAccessorImpl.java:62)
	at sun.reflect.DelegatingMethodAccessorImpl.invoke(DelegatingMethodAccessorImpl.java:43)
	at java.lang.reflect.Method.invoke(Method.java:498)
	at org.openqa.selenium.support.events.EventFiringWebDriver$EventFiringWebElement$1.invoke(EventFiringWebDriver.java:350)
	at com.sun.proxy.$Proxy12.click(Unknown Source)
	at org.openqa.selenium.support.events.EventFiringWebDriver$EventFiringWebElement.click(EventFiringWebDriver.java:363)
	at sun.reflect.NativeMethodAccessorImpl.invoke0(Native Method)
	at sun.reflect.NativeMethodAccessorImpl.invoke(NativeMethodAccessorImpl.java:62)
	at sun.reflect.DelegatingMethodAccessorImpl.invoke(DelegatingMethodAccessorImpl.java:43)
	at java.lang.reflect.Method.invoke(Method.java:498)
	at org.openqa.selenium.support.pagefactory.internal.LocatingElementHandler.invoke(LocatingElementHandler.java:51)
	at com.sun.proxy.$Proxy11.click(Unknown Source)
	at com.billing.qa.pages.ReportsPage.selectReportType(ReportsPage.java:28)
	at com.billing.qa.tcs.ReportFramework.validateReportFramework(ReportFramework.java:42)
	at sun.reflect.NativeMethodAccessorImpl.invoke0(Native Method)
	at sun.reflect.NativeMethodAccessorImpl.invoke(NativeMethodAccessorImpl.java:62)
	at sun.reflect.DelegatingMethodAccessorImpl.invoke(DelegatingMethodAccessorImpl.java:43)
	at java.lang.reflect.Method.invoke(Method.java:498)
	at org.testng.internal.MethodInvocationHelper.invokeMethod(MethodInvocationHelper.java:108)
	at org.testng.internal.Invoker.invokeMethod(Invoker.java:661)
	at org.testng.internal.Invoker.invokeTestMethod(Invoker.java:869)
	at org.testng.internal.Invoker.invokeTestMethods(Invoker.java:1193)
	at org.testng.internal.TestMethodWorker.invokeTestMethods(TestMethodWorker.java:126)
	at org.testng.internal.TestMethodWorker.run(TestMethodWorker.java:109)
	at org.testng.TestRunner.privateRun(TestRunner.java:744)
	at org.testng.TestRunner.run(TestRunner.java:602)
	at org.testng.SuiteRunner.runTest(SuiteRunner.java:380)
	at org.testng.SuiteRunner.runSequentially(SuiteRunner.java:375)
	at org.testng.SuiteRunner.privateRun(SuiteRunner.java:340)
	at org.testng.SuiteRunner.run(SuiteRunner.java:289)
	at org.testng.SuiteRunnerWorker.runSuite(SuiteRunnerWorker.java:52)
	at org.testng.SuiteRunnerWorker.run(SuiteRunnerWorker.java:86)
	at org.testng.TestNG.runSuitesSequentially(TestNG.java:1301)
	at org.testng.TestNG.runSuitesLocally(TestNG.java:1226)
	at org.testng.TestNG.runSuites(TestNG.java:1144)
	at org.testng.TestNG.run(TestNG.java:1115)
	at org.testng.remote.AbstractRemoteTestNG.run(AbstractRemoteTestNG.java:114)
	at org.testng.remote.RemoteTestNG.initAndRun(RemoteTestNG.java:251)
	at org.testng.remote.RemoteTestNG.main(RemoteTestNG.java:77)
]]>
            </full-stacktrace>
          </exception> <!-- org.openqa.selenium.WebDriverException -->
          <reporter-output>
            <line>
              <![CDATA[<img src="file://A:\Workspace\Billing/Screenshots//validate_reports_framework/20180320121441.png" alt=""/>]]>
            </line>
            <line>
              <![CDATA[<img src="file://A:\Workspace\Billing/Screenshots//validate_reports_framework/20180320121441.png" alt=""/>]]>
            </line>
            <line>
              <![CDATA[<img src="file://A:\Workspace\Billing/Screenshots//validate_reports_framework/20180320121446.png" alt=""/>]]>
            </line>
          </reporter-output>
        </test-method> <!-- validateReportFramework -->
      </class> <!-- com.billing.qa.tcs.ReportFramework -->
    </test> <!-- validate_reports_framework -->
  </suite> <!-- Suite -->
</testng-results>
